<?xml version="1.0" encoding="UTF-8"?>
<!-- Generated by org.testng.reporters.JUnitXMLReporter -->
<testsuite hostname="CAPTAIN" name="Random Test" tests="1" failures="1" timestamp="24 Sep 2017 13:52:07 GMT" time="0.972" errors="0">
  <testcase name="main" time="0.116" classname="testCases.CPQ_MAT_Flow">
    <failure type="java.lang.Exception">
      <![CDATA[java.lang.Exception
	at utility.Utils.takeScreenshot(Utils.java:263)
	at testCases.CPQ_MAT_Flow.main(CPQ_MAT_Flow.java:77)
... Removed 24 stack frames]]>
    </failure>
  </testcase> <!-- main -->
</testsuite> <!-- Random Test -->
