<?xml version="1.0" encoding="UTF-8"?>
<testng-results skipped="0" failed="0" total="3" passed="3">
  <reporter-output>
  </reporter-output>
  <suite name="Suite" duration-ms="30990" started-at="2017-10-03T17:33:28Z" finished-at="2017-10-03T17:33:59Z">
    <groups>
    </groups>
    <test name="IETest" duration-ms="19394" started-at="2017-10-03T17:33:28Z" finished-at="2017-10-03T17:33:48Z">
      <class name="CrossBrowser.CrossBrowserTest">
        <test-method status="PASS" signature="beforeTest(java.lang.String, java.lang.String)[pri:0, instance:CrossBrowser.CrossBrowserTest@2ac273d3]" name="beforeTest" is-config="true" duration-ms="15886" started-at="2017-10-03T23:03:28Z" finished-at="2017-10-03T23:03:44Z">
          <params>
            <param index="0">
              <value>
                <![CDATA[ie]]>
              </value>
            </param>
            <param index="1">
              <value>
                <![CDATA[/lib/Drivers/IE/IEDriverServer.exe]]>
              </value>
            </param>
          </params>
          <reporter-output>
          </reporter-output>
        </test-method> <!-- beforeTest -->
        <test-method status="PASS" signature="login()[pri:0, instance:CrossBrowser.CrossBrowserTest@2ac273d3]" name="login" duration-ms="656" started-at="2017-10-03T23:03:44Z" finished-at="2017-10-03T23:03:45Z">
          <reporter-output>
          </reporter-output>
        </test-method> <!-- login -->
        <test-method status="PASS" signature="afterTest()[pri:0, instance:CrossBrowser.CrossBrowserTest@2ac273d3]" name="afterTest" is-config="true" duration-ms="2827" started-at="2017-10-03T23:03:45Z" finished-at="2017-10-03T23:03:48Z">
          <reporter-output>
          </reporter-output>
        </test-method> <!-- afterTest -->
      </class> <!-- CrossBrowser.CrossBrowserTest -->
    </test> <!-- IETest -->
    <test name="ChromeTest" duration-ms="19394" started-at="2017-10-03T17:33:28Z" finished-at="2017-10-03T17:33:48Z">
      <class name="CrossBrowser.CrossBrowserTest">
        <test-method status="PASS" signature="beforeTest(java.lang.String, java.lang.String)[pri:0, instance:CrossBrowser.CrossBrowserTest@66480dd7]" name="beforeTest" is-config="true" duration-ms="7678" started-at="2017-10-03T23:03:28Z" finished-at="2017-10-03T23:03:36Z">
          <params>
            <param index="0">
              <value>
                <![CDATA[chrome]]>
              </value>
            </param>
            <param index="1">
              <value>
                <![CDATA[/lib/Drivers/Chrome/2.32/chromedriver.exe]]>
              </value>
            </param>
          </params>
          <reporter-output>
          </reporter-output>
        </test-method> <!-- beforeTest -->
        <test-method status="PASS" signature="login()[pri:0, instance:CrossBrowser.CrossBrowserTest@66480dd7]" name="login" duration-ms="9670" started-at="2017-10-03T23:03:36Z" finished-at="2017-10-03T23:03:46Z">
          <reporter-output>
          </reporter-output>
        </test-method> <!-- login -->
        <test-method status="PASS" signature="afterTest()[pri:0, instance:CrossBrowser.CrossBrowserTest@66480dd7]" name="afterTest" is-config="true" duration-ms="2022" started-at="2017-10-03T23:03:46Z" finished-at="2017-10-03T23:03:48Z">
          <reporter-output>
          </reporter-output>
        </test-method> <!-- afterTest -->
      </class> <!-- CrossBrowser.CrossBrowserTest -->
    </test> <!-- ChromeTest -->
    <test name="FirefoxTest" duration-ms="30990" started-at="2017-10-03T17:33:28Z" finished-at="2017-10-03T17:33:59Z">
      <class name="CrossBrowser.CrossBrowserTest">
        <test-method status="PASS" signature="beforeTest(java.lang.String, java.lang.String)[pri:0, instance:CrossBrowser.CrossBrowserTest@5cb9f472]" name="beforeTest" is-config="true" duration-ms="24249" started-at="2017-10-03T23:03:28Z" finished-at="2017-10-03T23:03:53Z">
          <params>
            <param index="0">
              <value>
                <![CDATA[firefox]]>
              </value>
            </param>
            <param index="1">
              <value>
                <![CDATA[driverPath]]>
              </value>
            </param>
          </params>
          <reporter-output>
          </reporter-output>
        </test-method> <!-- beforeTest -->
        <test-method status="PASS" signature="login()[pri:0, instance:CrossBrowser.CrossBrowserTest@5cb9f472]" name="login" duration-ms="6550" started-at="2017-10-03T23:03:53Z" finished-at="2017-10-03T23:03:59Z">
          <reporter-output>
          </reporter-output>
        </test-method> <!-- login -->
        <test-method status="PASS" signature="afterTest()[pri:0, instance:CrossBrowser.CrossBrowserTest@5cb9f472]" name="afterTest" is-config="true" duration-ms="169" started-at="2017-10-03T23:03:59Z" finished-at="2017-10-03T23:03:59Z">
          <reporter-output>
          </reporter-output>
        </test-method> <!-- afterTest -->
      </class> <!-- CrossBrowser.CrossBrowserTest -->
    </test> <!-- FirefoxTest -->
  </suite> <!-- Suite -->
</testng-results>
